
SQL*Loader: Release 19.0.0.0.0 - Production on Sun Apr 25 15:52:29 2021
Version 19.10.0.0.0

Copyright (c) 1982, 2021, Oracle and/or its affiliates.  All rights reserved.

Control File:   C:\Users\johni\Desktop\CIS4338\exthree-02\load_data_example2.ctl
Data File:      C:\Users\johni\Desktop\CIS4338\exthree-02\MOCK_DATA (1).txt
  Bad File:     C:\Users\johni\Desktop\CIS4338\exthree-02\MOCK_DATA (1).bad
  Discard File:  none specified
 
 (Allow all discards)

Number to load: ALL
Number to skip: 0
Errors allowed: 50
Bind array:     250 rows, maximum of 1048576 bytes
Continuation:    none specified
Path used:      Conventional

Table EMPLOYEE, loaded from every logical record.
Insert option in effect for this table: APPEND
TRAILING NULLCOLS option in effect

   Column Name                  Position   Len  Term Encl Datatype
------------------------------ ---------- ----- ---- ---- ---------------------
EMP_ID                              FIRST     *   ,  O(") CHARACTER            
FIRST_NAME                           NEXT     *   ,  O(") CHARACTER            
LAST_NAME                            NEXT     *   ,  O(") CHARACTER            
LASTFOUR_SSN                         NEXT     *   ,  O(") CHARACTER            
CO_MOBILE                            NEXT     *   ,  O(") CHARACTER            
CO_EMAIL                             NEXT     *   ,  O(") CHARACTER            
DEPT_CODE                            NEXT     *   ,  O(") CHARACTER            
JOB_TITLE                            NEXT     *   ,  O(") CHARACTER            
SUPERVISOR_ID                        NEXT     *   ,  O(") CHARACTER            

Record 1: Rejected - Error on table EMPLOYEE, column EMP_ID.
ORA-01722: invalid number

Record 2: Rejected - Error on table EMPLOYEE, column EMP_ID.
ORA-01722: invalid number

Record 3: Rejected - Error on table EMPLOYEE, column EMP_ID.
ORA-01722: invalid number

Record 4: Rejected - Error on table EMPLOYEE, column EMP_ID.
ORA-01722: invalid number

Record 5: Rejected - Error on table EMPLOYEE, column EMP_ID.
ORA-01722: invalid number

Record 6: Rejected - Error on table EMPLOYEE, column EMP_ID.
ORA-01722: invalid number

Record 7: Rejected - Error on table EMPLOYEE, column EMP_ID.
ORA-01722: invalid number

Record 8: Rejected - Error on table EMPLOYEE, column EMP_ID.
ORA-01722: invalid number

Record 9: Rejected - Error on table EMPLOYEE, column EMP_ID.
ORA-01722: invalid number

Record 10: Rejected - Error on table EMPLOYEE, column EMP_ID.
ORA-01722: invalid number

Record 11: Rejected - Error on table EMPLOYEE, column EMP_ID.
ORA-01722: invalid number

Record 12: Rejected - Error on table EMPLOYEE, column EMP_ID.
ORA-01722: invalid number

Record 13: Rejected - Error on table EMPLOYEE, column EMP_ID.
ORA-01722: invalid number

Record 14: Rejected - Error on table EMPLOYEE, column EMP_ID.
ORA-01722: invalid number

Record 15: Rejected - Error on table EMPLOYEE, column EMP_ID.
ORA-01722: invalid number

Record 16: Rejected - Error on table EMPLOYEE, column EMP_ID.
ORA-01722: invalid number

Record 17: Rejected - Error on table EMPLOYEE, column EMP_ID.
ORA-01722: invalid number

Record 18: Rejected - Error on table EMPLOYEE, column EMP_ID.
ORA-01722: invalid number

Record 19: Rejected - Error on table EMPLOYEE, column EMP_ID.
ORA-01722: invalid number

Record 20: Rejected - Error on table EMPLOYEE, column EMP_ID.
ORA-01722: invalid number

Record 21: Rejected - Error on table EMPLOYEE, column EMP_ID.
ORA-01722: invalid number

Record 22: Rejected - Error on table EMPLOYEE, column EMP_ID.
ORA-01722: invalid number

Record 23: Rejected - Error on table EMPLOYEE, column EMP_ID.
ORA-01722: invalid number

Record 24: Rejected - Error on table EMPLOYEE, column EMP_ID.
ORA-01722: invalid number

Record 25: Rejected - Error on table EMPLOYEE, column EMP_ID.
ORA-01722: invalid number

Record 26: Rejected - Error on table EMPLOYEE, column EMP_ID.
ORA-01722: invalid number

Record 27: Rejected - Error on table EMPLOYEE, column EMP_ID.
ORA-01722: invalid number

Record 28: Rejected - Error on table EMPLOYEE, column EMP_ID.
ORA-01722: invalid number

Record 29: Rejected - Error on table EMPLOYEE, column EMP_ID.
ORA-01722: invalid number

Record 30: Rejected - Error on table EMPLOYEE, column EMP_ID.
ORA-01722: invalid number

Record 31: Rejected - Error on table EMPLOYEE, column EMP_ID.
ORA-01722: invalid number

Record 32: Rejected - Error on table EMPLOYEE, column EMP_ID.
ORA-01722: invalid number

Record 33: Rejected - Error on table EMPLOYEE, column EMP_ID.
ORA-01722: invalid number

Record 34: Rejected - Error on table EMPLOYEE, column EMP_ID.
ORA-01722: invalid number

Record 35: Rejected - Error on table EMPLOYEE, column EMP_ID.
ORA-01722: invalid number

Record 36: Rejected - Error on table EMPLOYEE, column EMP_ID.
ORA-01722: invalid number

Record 37: Rejected - Error on table EMPLOYEE, column EMP_ID.
ORA-01722: invalid number

Record 38: Rejected - Error on table EMPLOYEE, column EMP_ID.
ORA-01722: invalid number

Record 39: Rejected - Error on table EMPLOYEE, column EMP_ID.
ORA-01722: invalid number

Record 40: Rejected - Error on table EMPLOYEE, column EMP_ID.
ORA-01722: invalid number

Record 41: Rejected - Error on table EMPLOYEE, column EMP_ID.
ORA-01722: invalid number

Record 42: Rejected - Error on table EMPLOYEE, column EMP_ID.
ORA-01722: invalid number

Record 43: Rejected - Error on table EMPLOYEE, column EMP_ID.
ORA-01722: invalid number

Record 44: Rejected - Error on table EMPLOYEE, column EMP_ID.
ORA-01722: invalid number

Record 45: Rejected - Error on table EMPLOYEE, column EMP_ID.
ORA-01722: invalid number

Record 46: Rejected - Error on table EMPLOYEE, column EMP_ID.
ORA-01722: invalid number

Record 47: Rejected - Error on table EMPLOYEE, column EMP_ID.
ORA-01722: invalid number

Record 48: Rejected - Error on table EMPLOYEE, column EMP_ID.
ORA-01722: invalid number

Record 49: Rejected - Error on table EMPLOYEE, column EMP_ID.
ORA-01722: invalid number

Record 50: Rejected - Error on table EMPLOYEE, column EMP_ID.
ORA-01722: invalid number

Record 51: Rejected - Error on table EMPLOYEE, column EMP_ID.
ORA-01722: invalid number


MAXIMUM ERROR COUNT EXCEEDED - Above statistics reflect partial run.

Table EMPLOYEE:
  0 Rows successfully loaded.
  51 Rows not loaded due to data errors.
  0 Rows not loaded because all WHEN clauses were failed.
  0 Rows not loaded because all fields were null.


Space allocated for bind array:                 580500 bytes(250 rows)
Read   buffer bytes: 1048576

Total logical records skipped:          0
Total logical records read:           250
Total logical records rejected:        51
Total logical records discarded:        0

Run began on Sun Apr 25 15:52:29 2021
Run ended on Sun Apr 25 15:52:53 2021

Elapsed time was:     00:00:24.61
CPU time was:         00:00:00.13
